27.07.2020 09:38:20 sql=[SELECT * from diemsv] 
27.07.2020 09:38:21 sql=[SELECT * from diemsv] 
27.07.2020 09:38:22 sql=[SELECT * from diemsv] 
27.07.2020 09:38:23 sql=[SELECT * from diemsv] 
27.07.2020 09:38:23 sql=[SELECT * from diemsv] 
27.07.2020 09:38:24 sql=[SELECT * from diemsv] 
27.07.2020 09:38:25 sql=[SELECT * from diemsv] 
27.07.2020 09:48:15 sql=[SELECT * from diemsv] 
27.07.2020 09:48:17 sql=[SELECT * from diemsv] 
27.07.2020 09:48:20 sql=[SELECT * from diemsv] 
27.07.2020 09:48:28 sql=[SELECT * from diemsv where TenSV = 'Vũ Đình Duy' ] 
27.07.2020 09:50:01 sql=[SELECT * from diemsv where TenSV = 'Vũ Đình Duy' ] 
27.07.2020 09:50:03 sql=[SELECT * from diemsv] 
27.07.2020 09:50:08 sql=[SELECT * from diemsv where TenSV = 'Vũ Đình Duy' ] 
27.07.2020 09:54:23 sql=[SELECT * from diemsv] 
27.07.2020 09:54:23 sql=[SELECT * from diemsv] 
27.07.2020 09:54:24 sql=[SELECT * from diemsv] 
27.07.2020 09:54:26 sql=[SELECT * from diemsv] 
27.07.2020 09:54:26 sql=[SELECT * from diemsv] 
27.07.2020 09:54:27 sql=[SELECT * from diemsv] 
27.07.2020 09:54:27 sql=[SELECT * from diemsv] 
27.07.2020 09:54:28 sql=[SELECT * from diemsv] 
27.07.2020 09:54:28 sql=[SELECT * from diemsv] 
27.07.2020 09:54:28 sql=[SELECT * from diemsv] 
27.07.2020 09:54:28 sql=[SELECT * from diemsv] 
27.07.2020 09:54:28 sql=[SELECT * from diemsv] 
27.07.2020 09:54:28 sql=[SELECT * from diemsv] 
27.07.2020 09:55:58 sql=[SELECT * from diemsv] 
27.07.2020 09:55:58 sql=[SELECT * from diemsv] 
27.07.2020 09:55:59 sql=[SELECT * from diemsv] 
27.07.2020 09:56:00 sql=[SELECT * from diemsv] 
27.07.2020 09:56:01 sql=[SELECT * from diemsv] 
27.07.2020 09:56:01 sql=[SELECT * from diemsv] 
27.07.2020 09:56:02 sql=[SELECT * from diemsv] 
27.07.2020 09:56:36 sql=[SELECT * from diemsv] 
27.07.2020 09:56:38 sql=[SELECT * from diemsv] 
27.07.2020 09:56:38 sql=[SELECT * from diemsv] 
27.07.2020 09:56:39 sql=[SELECT * from diemsv] 
27.07.2020 09:56:39 sql=[SELECT * from diemsv] 
27.07.2020 09:56:39 sql=[SELECT * from diemsv] 
27.07.2020 09:56:39 sql=[SELECT * from diemsv] 
27.07.2020 09:56:40 sql=[SELECT * from diemsv] 
27.07.2020 09:56:40 sql=[SELECT * from diemsv] 
27.07.2020 09:56:40 sql=[SELECT * from diemsv] 
27.07.2020 09:56:41 sql=[SELECT * from diemsv] 
27.07.2020 09:56:41 sql=[SELECT * from diemsv] 
27.07.2020 09:58:48 sql=[SELECT * from diemsv] 
27.07.2020 09:58:48 sql=[SELECT * from diemsv] 
27.07.2020 09:58:49 sql=[SELECT * from diemsv] 
27.07.2020 09:58:49 sql=[SELECT * from diemsv] 
27.07.2020 09:58:50 sql=[SELECT * from diemsv] 
27.07.2020 09:58:50 sql=[SELECT * from diemsv] 
27.07.2020 09:58:51 sql=[SELECT * from diemsv] 
27.07.2020 09:58:51 sql=[SELECT * from diemsv] 
27.07.2020 09:58:52 sql=[SELECT * from diemsv] 
27.07.2020 09:58:52 sql=[SELECT * from diemsv] 
27.07.2020 10:00:36 sql=[SELECT * from diemsv] 
27.07.2020 10:00:36 sql=[SELECT * from diemsv] 
27.07.2020 10:00:37 sql=[SELECT * from diemsv] 
27.07.2020 10:00:37 sql=[SELECT * from diemsv] 
27.07.2020 10:00:37 sql=[SELECT * from diemsv] 
27.07.2020 10:00:37 sql=[SELECT * from diemsv] 
27.07.2020 10:02:04 sql=[SELECT * from diemsv] 
27.07.2020 10:02:05 sql=[SELECT * from diemsv] 
27.07.2020 10:02:05 sql=[SELECT * from diemsv] 
27.07.2020 04:09:12 sql=[SELECT * from diemsv] 
27.07.2020 04:09:15 sql=[SELECT * from diemsv] 
27.07.2020 04:14:28 sql=[SELECT * from diemsv] 
27.07.2020 04:14:30 sql=[SELECT * from diemsv] 
27.07.2020 04:14:33 sql=[SELECT * from diemsv] 
27.07.2020 04:14:49 sql=[SELECT * from diemsv] 
27.07.2020 04:14:52 sql=[SELECT * from diemsv] 
27.07.2020 04:15:03 sql=[SELECT * from diemsv] 
27.07.2020 04:15:04 sql=[SELECT * from diemsv] 
27.07.2020 04:15:05 sql=[SELECT * from diemsv] 
27.07.2020 04:15:10 sql=[SELECT * from diemsv] 
27.07.2020 04:15:12 sql=[SELECT * from diemsv] 
27.07.2020 04:15:15 sql=[SELECT * from diemsv] 
27.07.2020 04:17:25 sql=[SELECT * from diemsv] 
27.07.2020 04:17:34 sql=[SELECT * from diemsv] 
27.07.2020 04:17:35 sql=[SELECT * from diemsv] 
27.07.2020 04:17:36 sql=[SELECT * from diemsv] 
27.07.2020 04:18:12 sql=[SELECT * from diemsv] 
27.07.2020 04:18:13 sql=[SELECT * from diemsv] 
27.07.2020 04:18:14 sql=[SELECT * from diemsv] 
27.07.2020 04:18:15 sql=[SELECT * from diemsv] 
27.07.2020 04:18:17 sql=[SELECT * from diemsv] 
27.07.2020 04:18:18 sql=[SELECT * from diemsv] 
27.07.2020 04:18:19 sql=[SELECT * from diemsv] 
27.07.2020 04:18:20 sql=[SELECT * from diemsv] 
27.07.2020 04:18:23 sql=[SELECT * from diemsv] 
27.07.2020 04:18:41 sql=[SELECT * from diemsv] 
27.07.2020 04:18:42 sql=[SELECT * from diemsv] 
27.07.2020 04:18:44 sql=[SELECT * from diemsv] 
27.07.2020 04:18:46 sql=[SELECT * from diemsv] 
27.07.2020 04:18:47 sql=[SELECT * from diemsv] 
27.07.2020 04:18:47 sql=[SELECT * from diemsv] 
27.07.2020 04:18:49 sql=[SELECT * from diemsv] 
27.07.2020 04:21:15 sql=[SELECT * from diemsv] 
27.07.2020 04:21:16 sql=[SELECT * from diemsv] 
27.07.2020 04:21:18 sql=[SELECT * from diemsv] 
27.07.2020 04:21:19 sql=[SELECT * from diemsv] 
27.07.2020 04:21:22 sql=[SELECT * from diemsv] 
27.07.2020 04:21:23 sql=[SELECT * from diemsv] 
27.07.2020 04:21:25 sql=[SELECT * from diemsv] 
27.07.2020 04:21:47 sql=[SELECT * from diemsv] 
27.07.2020 04:21:53 sql=[SELECT * from diemsv] 
27.07.2020 04:22:38 sql=[SELECT * from diemsv] 
27.07.2020 04:22:41 sql=[SELECT * from diemsv] 
27.07.2020 04:22:44 sql=[SELECT * from diemsv] 
27.07.2020 04:23:01 sql=[SELECT * from diemsv] 
27.07.2020 04:23:38 sql=[SELECT * from diemsv] 
27.07.2020 04:23:39 sql=[SELECT * from diemsv] 
27.07.2020 04:23:41 sql=[SELECT * from diemsv] 
27.07.2020 04:23:43 sql=[SELECT * from diemsv] 
27.07.2020 04:25:04 sql=[SELECT * from diemsv where TenSV = 'Nguyễn Thành Dự' ] 
27.07.2020 04:25:04 sql=[SELECT * from diemsv where TenSV = 'Nguyễn Thành Dự' ] 
27.07.2020 04:25:05 sql=[SELECT * from diemsv where TenSV = 'Nguyễn Thành Dự' ] 
27.07.2020 04:25:06 sql=[SELECT * from diemsv] 
27.07.2020 04:25:08 sql=[SELECT * from diemsv where TenSV = 'Nguyễn Thành Dự' ] 
27.07.2020 04:25:13 sql=[SELECT * from diemsv where MaSV = '175A072275' ] 
27.07.2020 04:25:21 sql=[SELECT * from diemsv where TenMH = 'Toán 2' ] 
27.07.2020 04:25:37 sql=[SELECT * from diemsv where TenSV = 'Vũ Đình Duy' ] 
27.07.2020 04:25:44 sql=[SELECT * from diemsv where TenSV = 'Phạm Thế Sơn' ] 
27.07.2020 04:25:56 sql=[SELECT * from diemsv where TenSV = 'Nguyễn Thành Dự' ] 
27.07.2020 04:26:25 sql=[SELECT * from diemsv where TenSV = 'Nguyễn Thành Dự' AND MaSV = '175A072275' AND TenMH = 'Toán 1' ] 
27.07.2020 04:26:36 sql=[SELECT * from diemsv] 
27.07.2020 04:27:49 sql=[SELECT * from diemsv] 
27.07.2020 04:48:56 sql=[SELECT * from diemsv] 
27.07.2020 04:48:59 sql=[SELECT * from diemsv where TenSV = 'Nguyễn Thành Dự' ] 
28.07.2020 05:03:36 sql=[SELECT * from diemsv] 
28.07.2020 05:03:41 sql=[SELECT * from diemsv where TenSV = 'Nguyễn Thành Dự' ] 
28.07.2020 05:03:44 sql=[SELECT * from diemsv where MaSV = '175A072275' ] 
28.07.2020 05:03:53 sql=[SELECT * from diemsv where MaSV = '175A071525' ] 
28.07.2020 05:03:58 sql=[SELECT * from diemsv where TenSV = 'Nguyễn Thành Dự' ] 
28.07.2020 05:04:00 sql=[SELECT * from diemsv] 
28.07.2020 05:04:08 sql=[SELECT * from diemsv] 
28.07.2020 05:04:10 sql=[SELECT * from diemsv] 
28.07.2020 05:32:13 sql=[SELECT * from diemsv] 
28.07.2020 05:32:21 sql=[SELECT * from diemsv] 
28.07.2020 05:32:22 sql=[SELECT * from diemsv] 
28.07.2020 05:35:40 sql=[SELECT * from diemsv] 
28.07.2020 05:35:40 sql=[SELECT * from diemsv] 
28.07.2020 05:38:29 sql=[SELECT * from diemsv] 
28.07.2020 05:38:33 sql=[SELECT * from diemsv] 
28.07.2020 05:38:40 sql=[SELECT * from diemsv] 
28.07.2020 05:38:43 sql=[SELECT * from diemsv] 
28.07.2020 05:38:50 sql=[SELECT * from diemsv] 
28.07.2020 05:39:59 sql=[SELECT * from diemsv] 
28.07.2020 05:40:00 sql=[SELECT * from diemsv] 
28.07.2020 05:40:17 sql=[SELECT * from diemsv] 
28.07.2020 05:40:20 sql=[SELECT * from diemsv] 
28.07.2020 05:40:52 sql=[SELECT * from diemsv] 
28.07.2020 05:40:52 sql=[SELECT * from diemsv] 
28.07.2020 05:43:01 sql=[SELECT * from diemsv] 
28.07.2020 05:44:26 sql=[SELECT * from diemsv] 
28.07.2020 05:48:48 sql=[SELECT * from sinhvien] 
28.07.2020 05:49:00 sql=[SELECT * from sinhvien] 
28.07.2020 05:49:01 sql=[SELECT * from sinhvien] 
28.07.2020 05:57:55 sql=[SELECT * from sinhvien] 
28.07.2020 05:57:56 sql=[SELECT * from sinhvien] 
28.07.2020 05:57:58 sql=[SELECT * from sinhvien] 
28.07.2020 05:58:04 sql=[SELECT * from sinhvien] 
28.07.2020 05:58:08 sql=[SELECT * from sinhvien] 
28.07.2020 05:59:23 sql=[SELECT * from sinhvien] 
28.07.2020 05:59:25 sql=[SELECT * from diemsv] 
28.07.2020 05:59:26 sql=[SELECT * from sinhvien] 
28.07.2020 05:59:38 sql=[SELECT * from sinhvien] 
28.07.2020 06:01:12 sql=[SELECT * from sinhvien] 
28.07.2020 06:01:18 sql=[SELECT * from sinhvien] 
28.07.2020 06:01:18 sql=[SELECT * from sinhvien] 
28.07.2020 06:01:19 sql=[SELECT * from sinhvien] 
28.07.2020 06:01:19 sql=[SELECT * from sinhvien] 
28.07.2020 06:01:20 sql=[SELECT * from sinhvien] 
28.07.2020 06:01:21 sql=[SELECT * from sinhvien] 
28.07.2020 06:01:24 sql=[SELECT * from sinhvien] 
28.07.2020 06:01:27 sql=[SELECT * from sinhvien] 
28.07.2020 06:01:28 sql=[SELECT * from sinhvien] 
28.07.2020 06:01:28 sql=[SELECT * from sinhvien] 
28.07.2020 06:02:08 sql=[SELECT * from sinhvien] 
28.07.2020 06:03:30 sql=[SELECT * from sinhvien] 
28.07.2020 06:04:28 sql=[SELECT * from sinhvien] 
28.07.2020 06:06:18 sql=[SELECT * from sinhvien] 
28.07.2020 06:07:03 sql=[SELECT * from sinhvien] 
28.07.2020 06:07:05 sql=[SELECT * from sinhvien] 
28.07.2020 06:09:31 sql=[SELECT * from sinhvien] 
28.07.2020 06:09:36 sql=[SELECT * from sinhvien] 
28.07.2020 06:09:40 sql=[SELECT * from sinhvien] 
28.07.2020 06:10:00 sql=[SELECT * from sinhvien] 
28.07.2020 06:10:03 sql=[SELECT * from sinhvien] 
28.07.2020 06:10:51 sql=[SELECT * from sinhvien] 
28.07.2020 06:11:07 sql=[SELECT * from sinhvien] 
28.07.2020 06:11:08 sql=[SELECT * from sinhvien] 
28.07.2020 06:14:52 sql=[SELECT * from sinhvien] 
28.07.2020 06:15:29 sql=[SELECT * from sinhvien] 
28.07.2020 06:16:56 sql=[SELECT * from diemsv] 
28.07.2020 06:17:25 sql=[SELECT * from diemsv] 
28.07.2020 06:20:29 sql=[SELECT * from diemsv] 
28.07.2020 06:20:31 sql=[SELECT * from diemsv] 
28.07.2020 06:20:32 sql=[SELECT * from diemsv] 
28.07.2020 06:20:35 sql=[SELECT * from diemsv] 
28.07.2020 06:21:06 sql=[SELECT * from diemsv] 
28.07.2020 06:21:07 sql=[SELECT * from diemsv] 
28.07.2020 06:22:02 sql=[SELECT * from diemsv] 
28.07.2020 06:22:16 sql=[SELECT * from diemsv] 
28.07.2020 06:22:33 sql=[SELECT * from diemsv] 
28.07.2020 06:22:34 sql=[SELECT * from diemsv] 
28.07.2020 06:22:52 sql=[SELECT * from diemsv] 
28.07.2020 06:23:14 sql=[SELECT * from diemsv] 
28.07.2020 06:23:15 sql=[SELECT * from diemsv] 
28.07.2020 06:23:23 sql=[SELECT * from diemsv] 
28.07.2020 06:23:24 sql=[SELECT * from diemsv] 
28.07.2020 06:23:41 sql=[SELECT * from diemsv] 
28.07.2020 06:23:47 sql=[SELECT * from diemsv] 
28.07.2020 06:23:59 sql=[SELECT * from diemsv] 
28.07.2020 06:24:08 sql=[SELECT * from diemsv] 
28.07.2020 06:24:29 sql=[SELECT * from diemsv where TenSV = 'Nguyễn Thành Dự' ] 
28.07.2020 06:24:35 sql=[SELECT * from diemsv] 
28.07.2020 06:24:38 sql=[SELECT * from diemsv where TenSV = 'Phạm Thế Sơn' ] 
28.07.2020 06:24:41 sql=[SELECT * from diemsv] 
28.07.2020 06:25:32 sql=[SELECT * from diemsv] 
28.07.2020 06:26:18 sql=[SELECT * from diemsv] 
28.07.2020 06:26:24 sql=[SELECT * from sinhvien] 
28.07.2020 06:26:26 sql=[SELECT * from sinhvien] 
28.07.2020 06:26:27 sql=[SELECT * from sinhvien] 
28.07.2020 06:26:28 sql=[SELECT * from diemsv] 
28.07.2020 06:26:29 sql=[SELECT * from sinhvien] 
28.07.2020 06:26:35 sql=[SELECT * from sinhvien] 
28.07.2020 06:26:37 sql=[SELECT * from sinhvien] 
28.07.2020 06:26:38 sql=[SELECT * from sinhvien] 
28.07.2020 06:26:40 sql=[SELECT * from sinhvien] 
28.07.2020 06:26:42 sql=[SELECT * from sinhvien] 
28.07.2020 06:26:43 sql=[SELECT * from sinhvien] 
28.07.2020 06:26:44 sql=[SELECT * from sinhvien] 
28.07.2020 06:26:48 sql=[SELECT * from sinhvien] 
28.07.2020 06:26:49 sql=[SELECT * from sinhvien] 
28.07.2020 06:26:50 sql=[SELECT * from sinhvien] 
28.07.2020 06:26:56 sql=[SELECT * from sinhvien] 
28.07.2020 06:26:57 sql=[SELECT * from sinhvien] 
28.07.2020 06:26:58 sql=[SELECT * from sinhvien] 
28.07.2020 06:26:58 sql=[SELECT * from sinhvien] 
28.07.2020 06:26:58 sql=[SELECT * from sinhvien] 
28.07.2020 06:26:59 sql=[SELECT * from sinhvien] 
28.07.2020 06:33:32 sql=[SELECT * from sinhvien where ''] 
28.07.2020 06:33:34 sql=[SELECT * from sinhvien where '59HT'] 
28.07.2020 06:33:36 sql=[SELECT * from sinhvien where '59TH2'] 
28.07.2020 06:33:37 sql=[SELECT * from sinhvien where '59HT'] 
28.07.2020 06:33:39 sql=[SELECT * from sinhvien where '59TH2'] 
28.07.2020 06:33:40 sql=[SELECT * from sinhvien where ''] 
28.07.2020 06:34:20 sql=[SELECT * from sinhvien where ''] 
28.07.2020 06:34:22 sql=[SELECT * from sinhvien where ''] 
28.07.2020 06:34:23 sql=[SELECT * from sinhvien where '59HT'] 
28.07.2020 06:34:24 sql=[SELECT * from sinhvien where '59TH2'] 
28.07.2020 06:34:25 sql=[SELECT * from sinhvien where '59HT'] 
28.07.2020 06:34:26 sql=[SELECT * from sinhvien where '59TH2'] 
28.07.2020 06:34:27 sql=[SELECT * from sinhvien where '59HT'] 
28.07.2020 06:34:27 sql=[SELECT * from sinhvien where '59TH2'] 
28.07.2020 06:34:28 sql=[SELECT * from sinhvien where ''] 
28.07.2020 06:34:29 sql=[SELECT * from sinhvien where ''] 
28.07.2020 06:34:29 sql=[SELECT * from sinhvien where ''] 
28.07.2020 06:34:29 sql=[SELECT * from sinhvien where ''] 
28.07.2020 06:34:30 sql=[SELECT * from sinhvien where ''] 
28.07.2020 06:34:30 sql=[SELECT * from sinhvien where ''] 
28.07.2020 06:34:53 sql=[SELECT * from sinhvien where MaLop =  ''] 
28.07.2020 06:34:53 sql=[SELECT * from sinhvien where MaLop =  ''] 
28.07.2020 06:34:53 sql=[SELECT * from sinhvien where MaLop =  ''] 
28.07.2020 06:34:55 sql=[SELECT * from sinhvien where MaLop =  '59HT'] 
28.07.2020 06:34:56 sql=[SELECT * from sinhvien where MaLop =  '59TH2'] 
28.07.2020 06:34:59 sql=[SELECT * from sinhvien where MaLop =  '59HT'] 
28.07.2020 06:35:00 sql=[SELECT * from sinhvien where MaLop =  '59TH2'] 
28.07.2020 06:35:02 sql=[SELECT * from sinhvien where MaLop =  ''] 
28.07.2020 06:36:03 sql=[SELECT * from sinhvien where MaLop = '' ] 
28.07.2020 06:36:03 sql=[SELECT * from sinhvien where MaLop = '' ] 
28.07.2020 06:36:05 sql=[SELECT * from sinhvien where MaLop = '59HT' ] 
28.07.2020 06:36:08 sql=[SELECT * from sinhvien where MaLop = '59TH2' ] 
28.07.2020 06:36:10 sql=[SELECT * from sinhvien where MaLop = '' ] 
28.07.2020 06:36:25 sql=[SELECT * from sinhvien where MaLop = '' ] 
28.07.2020 06:36:26 sql=[SELECT * from sinhvien where MaLop = '' ] 
28.07.2020 06:36:27 sql=[SELECT * from sinhvien where MaLop = '' ] 
28.07.2020 06:36:29 sql=[SELECT * from sinhvien where MaLop = '59HT' ] 
28.07.2020 06:36:30 sql=[SELECT * from sinhvien where MaLop = '59TH2' ] 
28.07.2020 06:36:31 sql=[SELECT * from sinhvien where MaLop = '' ] 
28.07.2020 06:36:40 sql=[SELECT * from sinhvien where MaLop = '59HT' ] 
28.07.2020 06:36:42 sql=[SELECT * from sinhvien where MaLop = '59HT' ] 
28.07.2020 06:36:44 sql=[SELECT * from sinhvien where MaLop = '59TH2' ] 
28.07.2020 06:36:47 sql=[SELECT * from sinhvien where MaLop = '' ] 
28.07.2020 06:36:48 sql=[SELECT * from sinhvien where MaLop = '' ] 
28.07.2020 06:38:57 sql=[SELECT * from sinhvien where MaLop = '' ] 
28.07.2020 06:38:58 sql=[SELECT * from sinhvien where MaLop = '' ] 
28.07.2020 06:38:59 sql=[SELECT * from sinhvien where MaLop = '' ] 
28.07.2020 06:39:00 sql=[SELECT * from sinhvien where MaLop = '' ] 
28.07.2020 06:39:00 sql=[SELECT * from sinhvien where MaLop = '' ] 
28.07.2020 06:39:01 sql=[SELECT * from sinhvien where MaLop = '' ] 
28.07.2020 06:39:01 sql=[SELECT * from sinhvien where MaLop = '' ] 
28.07.2020 06:41:15 sql=[select * from sinhvien] 
28.07.2020 06:41:15 sql=[select * from sinhvien] 
28.07.2020 06:41:15 sql=[select * from sinhvien] 
28.07.2020 06:41:16 sql=[select * from sinhvien] 
28.07.2020 06:41:16 sql=[select * from sinhvien] 
28.07.2020 06:41:16 sql=[select * from sinhvien] 
28.07.2020 06:41:16 sql=[select * from sinhvien] 
28.07.2020 06:41:19 sql=[select * from sinhvien] 
28.07.2020 06:41:21 sql=[SELECT * from sinhvien where MaLop = '59HT' ] 
28.07.2020 06:41:23 sql=[SELECT * from sinhvien where MaLop = '59TH2' ] 
28.07.2020 06:41:24 sql=[select * from sinhvien] 
28.07.2020 06:44:29 sql=[select * from sinhvien] 
28.07.2020 06:44:30 sql=[SELECT * from diemsv] 
28.07.2020 06:44:33 sql=[select * from sinhvien] 
28.07.2020 06:44:34 sql=[select * from sinhvien] 
28.07.2020 06:44:36 sql=[SELECT * from sinhvien where MaLop = '59HT' ] 
28.07.2020 06:44:38 sql=[SELECT * from sinhvien where MaLop = '59TH2' ] 
28.07.2020 06:44:57 sql=[SELECT * from sinhvien where MaLop = '59TH2' ] 
28.07.2020 06:44:58 sql=[select * from sinhvien] 
28.07.2020 06:45:10 sql=[select * from sinhvien] 
28.07.2020 06:46:36 sql=[select * from sinhvien] 
28.07.2020 06:46:37 sql=[select * from sinhvien] 
28.07.2020 06:46:39 sql=[select * from sinhvien] 
28.07.2020 06:46:41 sql=[SELECT * from sinhvien where MaLop = 59HT ] 
28.07.2020 06:46:42 Khong the select duoc,ERROR=[Unknown column '59HT' in 'where clause'] 
28.07.2020 06:46:42 COUNT=[0] 
28.07.2020 06:46:42 sql=[SELECT * from sinhvien where MaLop = 59TH2 ] 
28.07.2020 06:46:42 Khong the select duoc,ERROR=[Unknown column '59TH2' in 'where clause'] 
28.07.2020 06:46:42 COUNT=[0] 
28.07.2020 06:46:44 sql=[SELECT * from sinhvien where MaLop = 59HT ] 
28.07.2020 06:46:44 Khong the select duoc,ERROR=[Unknown column '59HT' in 'where clause'] 
28.07.2020 06:46:44 COUNT=[0] 
28.07.2020 06:46:45 sql=[SELECT * from sinhvien where MaLop = 59TH2 ] 
28.07.2020 06:46:45 Khong the select duoc,ERROR=[Unknown column '59TH2' in 'where clause'] 
28.07.2020 06:46:45 COUNT=[0] 
28.07.2020 06:47:11 sql=[SELECT * from sinhvien where MaLop = '59TH2' ] 
28.07.2020 06:47:12 sql=[select * from sinhvien] 
28.07.2020 06:47:14 sql=[SELECT * from sinhvien where MaLop = '59HT' ] 
28.07.2020 06:47:15 sql=[SELECT * from sinhvien where MaLop = '59TH2' ] 
28.07.2020 06:47:16 sql=[select * from sinhvien] 
28.07.2020 06:47:59 sql=[select * from sinhvien] 
28.07.2020 06:48:00 sql=[select * from sinhvien] 
28.07.2020 06:48:01 sql=[SELECT * from diemsv] 
28.07.2020 06:48:02 sql=[select * from sinhvien] 
28.07.2020 06:48:14 sql=[SELECT * from sinhvien where MaLop = '59HT' ] 
28.07.2020 06:48:15 sql=[SELECT * from sinhvien where MaLop = '59HT' ] 
28.07.2020 06:48:16 sql=[SELECT * from sinhvien where MaLop = '59TH2' ] 
28.07.2020 06:48:17 sql=[SELECT * from sinhvien where MaLop = '59HT' ] 
28.07.2020 06:48:17 sql=[SELECT * from sinhvien where MaLop = '59TH2' ] 
28.07.2020 06:48:19 sql=[select * from sinhvien] 
28.07.2020 06:49:01 sql=[select * from sinhvien] 
28.07.2020 06:49:02 sql=[select * from sinhvien] 
28.07.2020 06:49:13 sql=[select * from sinhvien] 
28.07.2020 06:49:23 sql=[select * from sinhvien] 
28.07.2020 06:49:27 sql=[select * from sinhvien] 
28.07.2020 06:52:59 sql=[select * from sinhvien] 
28.07.2020 06:55:18 sql=[select * from sinhvien] 
28.07.2020 06:55:25 sql=[select * from sinhvien] 
28.07.2020 06:56:22 sql=[select * from sinhvien] 
28.07.2020 06:56:26 sql=[select * from sinhvien] 
28.07.2020 06:57:39 sql=[select * from sinhvien] 
28.07.2020 08:13:57 sql=[select * from sinhvien] 
28.07.2020 08:14:00 sql=[select * from sinhvien] 
28.07.2020 08:14:03 sql=[select * from sinhvien] 
28.07.2020 08:14:04 sql=[select * from sinhvien] 
28.07.2020 08:14:05 sql=[select * from sinhvien] 
28.07.2020 08:14:05 sql=[select * from sinhvien] 
28.07.2020 08:14:05 sql=[select * from sinhvien] 
28.07.2020 08:14:05 sql=[select * from sinhvien] 
28.07.2020 08:14:05 sql=[select * from sinhvien] 
28.07.2020 08:14:06 sql=[select * from sinhvien] 
28.07.2020 08:14:06 sql=[select * from sinhvien] 
28.07.2020 08:14:06 sql=[select * from sinhvien] 
28.07.2020 08:14:06 sql=[select * from sinhvien] 
28.07.2020 08:14:07 sql=[select * from sinhvien] 
28.07.2020 08:14:07 sql=[select * from sinhvien] 
28.07.2020 08:14:07 sql=[select * from sinhvien] 
28.07.2020 08:14:07 sql=[select * from sinhvien] 
28.07.2020 08:14:07 sql=[select * from sinhvien] 
28.07.2020 08:14:08 sql=[select * from sinhvien] 
28.07.2020 08:14:10 sql=[select * from sinhvien] 
28.07.2020 08:14:44 sql=[select * from sinhvien] 
28.07.2020 08:14:46 sql=[select * from sinhvien] 
28.07.2020 08:14:48 sql=[SELECT * from sinhvien where MaLop = '59HT' ] 
28.07.2020 08:14:50 sql=[SELECT * from sinhvien where MaLop = '59TH2' ] 
28.07.2020 08:24:14 sql=[SELECT * from sinhvien where MaLop = '59TH2' ] 
28.07.2020 08:24:17 sql=[select * from sinhvien] 
28.07.2020 08:24:23 sql=[select * from sinhvien] 
28.07.2020 08:26:13 sql=[select * from sinhvien] 
28.07.2020 08:27:54 <!-- sql=[insert into sinhvien (MaSV,TenSV,MaLop,GioiTinh,SDT,Email,DiaChi) values (n'123',n'12312',n'nam',n'59HT',n'nam',n'888',n'ws@gmail.com')] --> 
28.07.2020 08:27:56 sql=[select * from sinhvien] 
28.07.2020 08:27:57 sql=[select * from sinhvien] 
28.07.2020 08:29:05 <!-- sql=[insert into sinhvien (MaSV,TenSV,MaLop,GioiTinh,SDT,Email,DiaChi) values (n'175B123123',n'Phạm Thị Phương',n'59HT',n'nữ',n'2131231231',n'phuong@Gmail.com',n'thái bình')] --> 
28.07.2020 08:30:53 <!-- sql=[insert into sinhvien (MaSV,TenSV,MaLop,GioiTinh,SDT,Email,DiaChi) values (n'175B123123',n'Phạm Thị Phương',n'59HT',n'nữ',n'2131231231',n'phuong@Gmail.com',n'thái bình')] --> 
28.07.2020 08:30:53 sql=[select * from sinhvien] 
28.07.2020 08:32:03 <!-- sql=[insert into sinhvien (MaSV,TenSV,MaLop,GioiTinh,SDT,Email,DiaChi) values (n'12321B999999',n'Phương Lợn',n'59TH2',n'nam',n'77777',n'kko@gmail.com',n'thái nguyên')] --> 
28.07.2020 08:32:03 sql=[select * from sinhvien] 
28.07.2020 08:32:16 sql=[SELECT * from sinhvien where MaLop = '59HT' ] 
28.07.2020 08:32:19 sql=[SELECT * from sinhvien where MaLop = '59TH2' ] 
28.07.2020 08:32:20 sql=[select * from sinhvien] 
28.07.2020 08:50:01 sql=[select * from sinhvien] 
28.07.2020 08:50:16 sql=[select * from sinhvien] 
28.07.2020 08:59:45 sql=[select * from sinhvien] 
28.07.2020 09:02:09 sql=[select * from sinhvien] 
28.07.2020 09:03:16 sql=[select * from sinhvien] 
28.07.2020 09:03:19 <!-- sql=[insert into sinhvien (MaSV,TenSV,MaLop,GioiTinh,SDT,Email,DiaChi) values (n'',n'',n'',n'',n'',n'',n'')] --> 
28.07.2020 09:03:19 sql=[select * from sinhvien] 
28.07.2020 09:03:21 sql=[select * from sinhvien] 
28.07.2020 09:03:23 <!-- sql=[update sinhvien set MaSV=n'12321B999999',TenSV=n'Phương Lợn',MaLop=n'59TH2',GioiTinh=n'nam',SDT=n'77777',Email=n'kko@gmail.com',DiaChi=n'thái nguyên'  where 12321B999999] --> 
28.07.2020 09:03:23 sql=[select * from sinhvien] 
28.07.2020 09:03:28 sql=[select * from sinhvien] 
28.07.2020 09:04:01 <!-- sql=[update sinhvien set MaSV=n'12321BSSADFGA',TenSV=n'Phương Lợn',MaLop=n'59TH2',GioiTinh=n'nam',SDT=n'77777',Email=n'kko@gmail.com',DiaChi=n'thái nguyên'  where 12321B999999] --> 
28.07.2020 09:04:01 sql=[select * from sinhvien] 
28.07.2020 09:04:07 sql=[select * from sinhvien] 
28.07.2020 09:04:37 <!-- sql=[update sinhvien set MaSV=n'12321B999999',TenSV=n'Phương Lợn urgy',MaLop=n'59TH2',GioiTinh=n'nam',SDT=n'77777',Email=n'kko@gmail.com',DiaChi=n'thái nguyên'  where 12321B999999] --> 
28.07.2020 09:04:37 sql=[select * from sinhvien] 
28.07.2020 09:04:49 <!-- sql=[update sinhvien set MaSV=n'12321B999999',TenSV=n'Phương Lợn urgy',MaLop=n'59TH2',GioiTinh=n'nam',SDT=n'77777',Email=n'kko@gmail.com',DiaChi=n'thái nguyên'  where 12321B999999] --> 
28.07.2020 09:04:49 sql=[select * from sinhvien] 
28.07.2020 09:08:05 sql=[select * from sinhvien] 
28.07.2020 09:08:18 sql=[select * from sinhvien] 
28.07.2020 09:08:24 sql=[select * from sinhvien] 
28.07.2020 09:08:24 sql=[select * from sinhvien] 
28.07.2020 09:08:35 <!-- sql=[update sinhvien set MaSV=n'12321B999999',TenSV=n'Phương Lợn urgy kinh khung',MaLop=n'59TH2',GioiTinh=n'nam',SDT=n'77777',Email=n'kko@gmail.com',DiaChi=n'thái nguyên'  where MaSV = 12321B999999] --> 
28.07.2020 09:08:35 sql=[select * from sinhvien] 
28.07.2020 09:09:48 sql=[select * from sinhvien] 
28.07.2020 09:09:49 sql=[select * from sinhvien] 
28.07.2020 09:09:56 sql=[select * from sinhvien] 
28.07.2020 09:10:09 <!-- sql=[update sinhvien set MaSV=n'175A071599',TenSV=n'Đỗ Cảnh Dương ocho',MaLop=n'59TH2',GioiTinh=n'Nam',SDT=n'1234',Email=n'duong@gmail.com',DiaChi=n'ha noi'  where MaSV = 175A071599] --> 
28.07.2020 09:10:09 sql=[select * from sinhvien] 
28.07.2020 09:17:22 sql=[select * from sinhvien] 
28.07.2020 09:17:35 sql=[select * from sinhvien] 
28.07.2020 09:17:49 <!-- sql=[update sinhvien set MaSV=n'175A122222',TenSV=n'tao vua sua m',MaLop=n'59TH2',GioiTinh=n'Nam',SDT=n'99999999',Email=n'nani@gmail.com',DiaChi=n'hanoi175A1226bb666'  where MaSV = 175A122222] --> 
28.07.2020 09:18:41 sql=[select * from sinhvien] 
28.07.2020 09:19:02 <!-- sql=[update sinhvien set MaSV=n'175A071599',TenSV=n'Đỗ Cảnh Dương ocho',MaLop=n'59TH2',GioiTinh=n'Nam',SDT=n'1234',Email=n'duong@gmail.com',DiaChi=n'ha noi'  where MaSV=175A071599] --> 
28.07.2020 09:19:08 sql=[select * from sinhvien] 
28.07.2020 09:19:14 <!-- sql=[update sinhvien set MaSV=n'175A078899',TenSV=n'Lê Văn Bắc2222',MaLop=n'59HT',GioiTinh=n'Nam',SDT=n'78787',Email=n'bac@gmail.com',DiaChi=n'Thường Tín'  where MaSV=175A078899] --> 
28.07.2020 09:20:33 sql=[select * from sinhvien] 
28.07.2020 09:20:41 sql=[select * from sinhvien] 
28.07.2020 09:21:17 sql=[select * from sinhvien] 
28.07.2020 09:21:22 sql=[select * from sinhvien] 
28.07.2020 09:23:07 sql=[select * from sinhvien] 
28.07.2020 09:23:13 <!-- sql=[update sinhvien set TenSV=n'Đỗ Cảnh Dương ocho',MaLop=n'59TH2',GioiTinh=n'Nam',SDT=n'1234',Email=n'duong@gmail.com',DiaChi=n'ha noi'  where MaSV=175A071599] --> 
28.07.2020 09:23:44 sql=[select * from sinhvien] 
28.07.2020 09:23:49 <!-- sql=[update sinhvien set TenSV=n'Phạm Thế Sơnaaa',MaLop=n'59TH2',GioiTinh=n'Nam',SDT=n'66666',Email=n'son@gmail.com',DiaChi=n'ha noi'  where MaSV=175A071209] --> 
28.07.2020 09:24:16 <!-- sql=[update sinhvien set TenSV=n'Phạm Thế Sơnaaa',MaLop=n'59HT',GioiTinh=n'Nam',SDT=n'66666222',Email=n'son@gmail.com.edu',DiaChi=n'ha noi nam dinh'  where MaSV=175A071209] --> 
28.07.2020 09:26:34 sql=[select * from sinhvien] 
28.07.2020 09:26:57 sql=[select * from sinhvien] 
28.07.2020 09:27:30 sql=[select * from sinhvien] 
28.07.2020 09:30:13 sql=[select * from sinhvien] 
28.07.2020 09:30:57 sql=[select * from sinhvien] 
28.07.2020 09:31:08 sql=[select * from sinhvien] 
28.07.2020 09:31:22 sql=[select * from sinhvien] 
28.07.2020 10:15:29 sql=[select * from sinhvien] 
28.07.2020 10:15:51 sql=[SELECT * from diemsv] 
28.07.2020 10:15:53 sql=[SELECT * from diemsv] 
28.07.2020 10:15:55 sql=[SELECT * from diemsv] 
28.07.2020 10:15:58 sql=[SELECT * from diemsv] 
28.07.2020 10:16:00 sql=[select * from sinhvien] 
28.07.2020 10:16:03 sql=[SELECT * from diemsv] 
28.07.2020 10:16:05 sql=[SELECT * from diemsv] 
28.07.2020 10:16:08 sql=[SELECT * from diemsv] 
28.07.2020 10:16:47 sql=[SELECT * from diemsv] 
28.07.2020 10:16:48 sql=[SELECT * from diemsv] 
28.07.2020 10:18:33 sql=[SELECT * from diemsv] 
28.07.2020 10:18:34 sql=[SELECT * from diemsv] 
28.07.2020 10:19:22 sql=[SELECT * from diemsv] 
28.07.2020 10:19:24 sql=[SELECT * from diemsv] 
28.07.2020 10:19:25 sql=[SELECT * from diemsv] 
28.07.2020 10:19:26 sql=[SELECT * from diemsv] 
28.07.2020 10:19:27 sql=[SELECT * from diemsv] 
28.07.2020 10:19:28 sql=[SELECT * from diemsv] 
28.07.2020 10:19:37 sql=[SELECT * from diemsv] 
28.07.2020 10:19:38 sql=[SELECT * from diemsv] 
28.07.2020 10:20:30 sql=[SELECT * from diemsv] 
28.07.2020 10:24:06 sql=[SELECT * from diemsv] 
28.07.2020 10:24:07 sql=[SELECT * from diemsv] 
28.07.2020 10:24:08 sql=[SELECT * from diemsv] 
28.07.2020 10:24:18 sql=[select * from sinhvien] 
28.07.2020 10:24:21 sql=[SELECT * from sinhvien where MaLop = '59TH2' ] 
28.07.2020 10:24:22 sql=[SELECT * from sinhvien where MaLop = '59HT' ] 
28.07.2020 10:24:24 sql=[SELECT * from sinhvien where MaLop = '59TH2' ] 
28.07.2020 10:24:25 sql=[SELECT * from diemsv] 
28.07.2020 10:25:36 sql=[SELECT * from diemsv] 
28.07.2020 10:25:37 sql=[SELECT * from diemsv] 
28.07.2020 10:25:39 sql=[SELECT * from diemsv] 
28.07.2020 10:25:41 sql=[SELECT * from diemsv] 
28.07.2020 10:25:53 sql=[SELECT * from diemsv] 
28.07.2020 10:25:59 sql=[SELECT * from diemsv] 
28.07.2020 10:26:03 sql=[SELECT * from diemsv] 
28.07.2020 10:26:04 sql=[SELECT * from diemsv] 
28.07.2020 10:28:28 sql=[SELECT * from diemsv] 
28.07.2020 10:28:28 sql=[SELECT * from diemsv] 
28.07.2020 10:30:47 sql=[SELECT * from diemsv] 
28.07.2020 10:30:49 sql=[SELECT * from diemsv] 
28.07.2020 10:30:50 sql=[SELECT * from diemsv] 
28.07.2020 10:30:51 sql=[SELECT * from diemsv] 
28.07.2020 10:30:55 sql=[SELECT * from diemsv where TenSV = 'Nguyễn Thành Dự' ] 
28.07.2020 10:31:00 sql=[SELECT * from diemsv] 
28.07.2020 10:31:05 sql=[SELECT * from diemsv where TenSV = 'Phạm Thế Sơn' ] 
28.07.2020 10:31:10 sql=[SELECT * from diemsv where MaSV = '175A072275' ] 
28.07.2020 10:31:12 sql=[SELECT * from diemsv] 
28.07.2020 10:31:14 sql=[SELECT * from diemsv] 
28.07.2020 10:31:16 sql=[SELECT * from diemsv] 
28.07.2020 10:31:19 sql=[SELECT * from diemsv] 
28.07.2020 10:31:21 sql=[SELECT * from diemsv] 
28.07.2020 10:31:33 sql=[SELECT * from diemsv] 
28.07.2020 10:31:36 sql=[SELECT * from diemsv] 
28.07.2020 10:31:37 sql=[SELECT * from diemsv] 
28.07.2020 10:31:39 sql=[SELECT * from diemsv] 
28.07.2020 10:31:40 sql=[select * from sinhvien] 
28.07.2020 10:31:40 sql=[SELECT * from diemsv] 
28.07.2020 10:31:42 sql=[SELECT * from diemsv] 
28.07.2020 10:31:45 sql=[SELECT * from diemsv] 
28.07.2020 10:31:48 sql=[select * from sinhvien] 
28.07.2020 10:31:49 sql=[SELECT * from diemsv] 
28.07.2020 10:31:50 sql=[select * from sinhvien] 
28.07.2020 10:32:09 sql=[select * from sinhvien] 
28.07.2020 10:32:11 sql=[select * from sinhvien] 
28.07.2020 10:32:12 sql=[SELECT * from diemsv] 
28.07.2020 10:32:14 sql=[SELECT * from diemsv] 
28.07.2020 10:32:33 sql=[SELECT * from diemsv] 
28.07.2020 10:32:34 sql=[SELECT * from diemsv] 
28.07.2020 10:32:36 sql=[SELECT * from diemsv] 
28.07.2020 10:32:52 sql=[SELECT * from diemsv] 
28.07.2020 10:32:53 sql=[select * from sinhvien] 
28.07.2020 10:32:54 sql=[SELECT * from diemsv] 
28.07.2020 10:32:55 sql=[SELECT * from diemsv] 
28.07.2020 10:32:57 sql=[SELECT * from diemsv] 
28.07.2020 10:33:00 sql=[SELECT * from diemsv] 
28.07.2020 10:33:01 sql=[SELECT * from diemsv] 
28.07.2020 10:33:09 sql=[SELECT * from diemsv] 
28.07.2020 10:33:12 sql=[SELECT * from diemsv where TenSV = 'Nguyễn Thành Dự' ] 
28.07.2020 10:33:25 sql=[SELECT * from diemsv] 
28.07.2020 10:33:44 sql=[SELECT * from diemsv] 
28.07.2020 10:33:45 sql=[SELECT * from diemsv] 
28.07.2020 10:33:48 sql=[SELECT * from diemsv where TenSV = 'Nguyễn Thành Dự' ] 
28.07.2020 10:33:52 sql=[SELECT * from diemsv where MaSV = '175A072275' ] 
28.07.2020 10:33:54 sql=[SELECT * from diemsv] 
28.07.2020 10:33:54 sql=[SELECT * from diemsv] 
28.07.2020 10:33:56 sql=[select * from sinhvien] 
28.07.2020 10:33:57 sql=[SELECT * from diemsv] 
